[0.290s] Invoking command in '/home/sai/MRT_Assignments/2/ros2_ws/build/rover_status': PYTHONPATH=/home/sai/MRT_Assignments/2/ros2_ws/build/rover_status/prefix_override:/usr/lib/python3/dist-packages/colcon_core/task/python/colcon_distutils_commands:/home/sai/MRT_Assignments/2/ros2_ws/install/rover_status/lib/python3.10/site-packages:${PYTHONPATH} /usr/bin/python3 -W ignore:setup.py install is deprecated setup.py develop --editable --build-directory /home/sai/MRT_Assignments/2/ros2_ws/build/rover_status/build --no-deps symlink_data --force
[0.391s] running develop
[0.392s] /usr/lib/python3/dist-packages/setuptools/command/easy_install.py:158: EasyInstallDeprecationWarning: easy_install command is deprecated. Use build and pip and other standards-based tools.
[0.392s]   warnings.warn(
[0.444s] running egg_info
[0.444s] writing rover_status.egg-info/PKG-INFO
[0.445s] writing dependency_links to rover_status.egg-info/dependency_links.txt
[0.445s] writing entry points to rover_status.egg-info/entry_points.txt
[0.445s] writing requirements to rover_status.egg-info/requires.txt
[0.445s] writing top-level names to rover_status.egg-info/top_level.txt
[0.445s] reading manifest file 'rover_status.egg-info/SOURCES.txt'
[0.446s] writing manifest file 'rover_status.egg-info/SOURCES.txt'
[0.447s] running build_ext
[0.447s] Creating /home/sai/MRT_Assignments/2/ros2_ws/install/rover_status/lib/python3.10/site-packages/rover-status.egg-link (link to .)
[0.447s] 
[0.447s] Installed /home/sai/MRT_Assignments/2/ros2_ws/build/rover_status
[0.448s] running symlink_data
[0.448s] symbolically linking /home/sai/MRT_Assignments/2/ros2_ws/build/rover_status/resource/rover_status -> /home/sai/MRT_Assignments/2/ros2_ws/install/rover_status/share/ament_index/resource_index/packages
[0.448s] symbolically linking /home/sai/MRT_Assignments/2/ros2_ws/build/rover_status/package.xml -> /home/sai/MRT_Assignments/2/ros2_ws/install/rover_status/share/rover_status
[0.473s] Invoked command in '/home/sai/MRT_Assignments/2/ros2_ws/build/rover_status' returned '0': PYTHONPATH=/home/sai/MRT_Assignments/2/ros2_ws/build/rover_status/prefix_override:/usr/lib/python3/dist-packages/colcon_core/task/python/colcon_distutils_commands:/home/sai/MRT_Assignments/2/ros2_ws/install/rover_status/lib/python3.10/site-packages:${PYTHONPATH} /usr/bin/python3 -W ignore:setup.py install is deprecated setup.py develop --editable --build-directory /home/sai/MRT_Assignments/2/ros2_ws/build/rover_status/build --no-deps symlink_data --force
