[0.305s] Invoking command in '/home/sai/MRT_Assignments/2/ros2_ws/src/rover_status': PYTHONPATH=/home/sai/MRT_Assignments/2/ros2_ws/build/rover_status/prefix_override:/usr/lib/python3/dist-packages/colcon_core/task/python/colcon_distutils_commands:/home/sai/MRT_Assignments/2/ros2_ws/install/rover_status/lib/python3.10/site-packages:${PYTHONPATH} /usr/bin/python3 -W ignore:setup.py install is deprecated setup.py egg_info --egg-base ../../build/rover_status build --build-base /home/sai/MRT_Assignments/2/ros2_ws/build/rover_status/build install --record /home/sai/MRT_Assignments/2/ros2_ws/build/rover_status/install.log --single-version-externally-managed install_data
[0.398s] running egg_info
[0.399s] writing ../../build/rover_status/rover_status.egg-info/PKG-INFO
[0.399s] writing dependency_links to ../../build/rover_status/rover_status.egg-info/dependency_links.txt
[0.399s] writing entry points to ../../build/rover_status/rover_status.egg-info/entry_points.txt
[0.399s] writing requirements to ../../build/rover_status/rover_status.egg-info/requires.txt
[0.399s] writing top-level names to ../../build/rover_status/rover_status.egg-info/top_level.txt
[0.399s] reading manifest file '../../build/rover_status/rover_status.egg-info/SOURCES.txt'
[0.400s] writing manifest file '../../build/rover_status/rover_status.egg-info/SOURCES.txt'
[0.400s] running build
[0.401s] running build_py
[0.401s] running install
[0.401s] running install_lib
[0.401s] running install_data
[0.401s] running install_egg_info
[0.402s] removing '/home/sai/MRT_Assignments/2/ros2_ws/install/rover_status/lib/python3.10/site-packages/rover_status-0.0.0-py3.10.egg-info' (and everything under it)
[0.402s] Copying ../../build/rover_status/rover_status.egg-info to /home/sai/MRT_Assignments/2/ros2_ws/install/rover_status/lib/python3.10/site-packages/rover_status-0.0.0-py3.10.egg-info
[0.402s] running install_scripts
[0.414s] writing list of installed files to '/home/sai/MRT_Assignments/2/ros2_ws/build/rover_status/install.log'
[0.430s] Invoked command in '/home/sai/MRT_Assignments/2/ros2_ws/src/rover_status' returned '0': PYTHONPATH=/home/sai/MRT_Assignments/2/ros2_ws/build/rover_status/prefix_override:/usr/lib/python3/dist-packages/colcon_core/task/python/colcon_distutils_commands:/home/sai/MRT_Assignments/2/ros2_ws/install/rover_status/lib/python3.10/site-packages:${PYTHONPATH} /usr/bin/python3 -W ignore:setup.py install is deprecated setup.py egg_info --egg-base ../../build/rover_status build --build-base /home/sai/MRT_Assignments/2/ros2_ws/build/rover_status/build install --record /home/sai/MRT_Assignments/2/ros2_ws/build/rover_status/install.log --single-version-externally-managed install_data
