running egg_info
creating ../../build/rover_status/rover_status.egg-info
writing ../../build/rover_status/rover_status.egg-info/PKG-INFO
writing dependency_links to ../../build/rover_status/rover_status.egg-info/dependency_links.txt
writing entry points to ../../build/rover_status/rover_status.egg-info/entry_points.txt
writing requirements to ../../build/rover_status/rover_status.egg-info/requires.txt
writing top-level names to ../../build/rover_status/rover_status.egg-info/top_level.txt
writing manifest file '../../build/rover_status/rover_status.egg-info/SOURCES.txt'
reading manifest file '../../build/rover_status/rover_status.egg-info/SOURCES.txt'
writing manifest file '../../build/rover_status/rover_status.egg-info/SOURCES.txt'
running build
running build_py
creating /home/sai/MRT_Assignments/2/ros2_ws/build/rover_status/build
creating /home/sai/MRT_Assignments/2/ros2_ws/build/rover_status/build/lib
creating /home/sai/MRT_Assignments/2/ros2_ws/build/rover_status/build/lib/rover_status
copying rover_status/status_subscriber.py -> /home/sai/MRT_Assignments/2/ros2_ws/build/rover_status/build/lib/rover_status
copying rover_status/health_stat_pub.py -> /home/sai/MRT_Assignments/2/ros2_ws/build/rover_status/build/lib/rover_status
copying rover_status/bat_temp_pub.py -> /home/sai/MRT_Assignments/2/ros2_ws/build/rover_status/build/lib/rover_status
copying rover_status/__init__.py -> /home/sai/MRT_Assignments/2/ros2_ws/build/rover_status/build/lib/rover_status
running install
running install_lib
creating /home/sai/MRT_Assignments/2/ros2_ws/install/rover_status/lib/python3.10/site-packages/rover_status
copying /home/sai/MRT_Assignments/2/ros2_ws/build/rover_status/build/lib/rover_status/status_subscriber.py -> /home/sai/MRT_Assignments/2/ros2_ws/install/rover_status/lib/python3.10/site-packages/rover_status
copying /home/sai/MRT_Assignments/2/ros2_ws/build/rover_status/build/lib/rover_status/health_stat_pub.py -> /home/sai/MRT_Assignments/2/ros2_ws/install/rover_status/lib/python3.10/site-packages/rover_status
copying /home/sai/MRT_Assignments/2/ros2_ws/build/rover_status/build/lib/rover_status/bat_temp_pub.py -> /home/sai/MRT_Assignments/2/ros2_ws/install/rover_status/lib/python3.10/site-packages/rover_status
copying /home/sai/MRT_Assignments/2/ros2_ws/build/rover_status/build/lib/rover_status/__init__.py -> /home/sai/MRT_Assignments/2/ros2_ws/install/rover_status/lib/python3.10/site-packages/rover_status
byte-compiling /home/sai/MRT_Assignments/2/ros2_ws/install/rover_status/lib/python3.10/site-packages/rover_status/status_subscriber.py to status_subscriber.cpython-310.pyc
byte-compiling /home/sai/MRT_Assignments/2/ros2_ws/install/rover_status/lib/python3.10/site-packages/rover_status/health_stat_pub.py to health_stat_pub.cpython-310.pyc
byte-compiling /home/sai/MRT_Assignments/2/ros2_ws/install/rover_status/lib/python3.10/site-packages/rover_status/bat_temp_pub.py to bat_temp_pub.cpython-310.pyc
byte-compiling /home/sai/MRT_Assignments/2/ros2_ws/install/rover_status/lib/python3.10/site-packages/rover_status/__init__.py to __init__.cpython-310.pyc
running install_data
creating /home/sai/MRT_Assignments/2/ros2_ws/install/rover_status/share/ament_index
creating /home/sai/MRT_Assignments/2/ros2_ws/install/rover_status/share/ament_index/resource_index
creating /home/sai/MRT_Assignments/2/ros2_ws/install/rover_status/share/ament_index/resource_index/packages
copying resource/rover_status -> /home/sai/MRT_Assignments/2/ros2_ws/install/rover_status/share/ament_index/resource_index/packages
copying package.xml -> /home/sai/MRT_Assignments/2/ros2_ws/install/rover_status/share/rover_status
running install_egg_info
Copying ../../build/rover_status/rover_status.egg-info to /home/sai/MRT_Assignments/2/ros2_ws/install/rover_status/lib/python3.10/site-packages/rover_status-0.0.0-py3.10.egg-info
running install_scripts
writing list of installed files to '/home/sai/MRT_Assignments/2/ros2_ws/build/rover_status/install.log'
