running egg_info
creating ../../build/walle/walle.egg-info
writing ../../build/walle/walle.egg-info/PKG-INFO
writing dependency_links to ../../build/walle/walle.egg-info/dependency_links.txt
writing entry points to ../../build/walle/walle.egg-info/entry_points.txt
writing requirements to ../../build/walle/walle.egg-info/requires.txt
writing top-level names to ../../build/walle/walle.egg-info/top_level.txt
writing manifest file '../../build/walle/walle.egg-info/SOURCES.txt'
reading manifest file '../../build/walle/walle.egg-info/SOURCES.txt'
writing manifest file '../../build/walle/walle.egg-info/SOURCES.txt'
running build
running build_py
creating /home/sai/MRT_Assignments/2/ros2_ws/build/walle/build
creating /home/sai/MRT_Assignments/2/ros2_ws/build/walle/build/lib
creating /home/sai/MRT_Assignments/2/ros2_ws/build/walle/build/lib/walle
copying walle/obstaclescan.py -> /home/sai/MRT_Assignments/2/ros2_ws/build/walle/build/lib/walle
copying walle/__init__.py -> /home/sai/MRT_Assignments/2/ros2_ws/build/walle/build/lib/walle
running install
running install_lib
creating /home/sai/MRT_Assignments/2/ros2_ws/install/walle/lib/python3.10/site-packages/walle
copying /home/sai/MRT_Assignments/2/ros2_ws/build/walle/build/lib/walle/obstaclescan.py -> /home/sai/MRT_Assignments/2/ros2_ws/install/walle/lib/python3.10/site-packages/walle
copying /home/sai/MRT_Assignments/2/ros2_ws/build/walle/build/lib/walle/__init__.py -> /home/sai/MRT_Assignments/2/ros2_ws/install/walle/lib/python3.10/site-packages/walle
byte-compiling /home/sai/MRT_Assignments/2/ros2_ws/install/walle/lib/python3.10/site-packages/walle/obstaclescan.py to obstaclescan.cpython-310.pyc
byte-compiling /home/sai/MRT_Assignments/2/ros2_ws/install/walle/lib/python3.10/site-packages/walle/__init__.py to __init__.cpython-310.pyc
running install_data
creating /home/sai/MRT_Assignments/2/ros2_ws/install/walle/share/ament_index
creating /home/sai/MRT_Assignments/2/ros2_ws/install/walle/share/ament_index/resource_index
creating /home/sai/MRT_Assignments/2/ros2_ws/install/walle/share/ament_index/resource_index/packages
copying resource/walle -> /home/sai/MRT_Assignments/2/ros2_ws/install/walle/share/ament_index/resource_index/packages
copying package.xml -> /home/sai/MRT_Assignments/2/ros2_ws/install/walle/share/walle
running install_egg_info
Copying ../../build/walle/walle.egg-info to /home/sai/MRT_Assignments/2/ros2_ws/install/walle/lib/python3.10/site-packages/walle-0.0.0-py3.10.egg-info
running install_scripts
writing list of installed files to '/home/sai/MRT_Assignments/2/ros2_ws/build/walle/install.log'
